::1 - - [18/Jan/2024:12:34:49 +0000] "POST /api/v1/auth/register HTTP/1.1" 403 27 "-" "PostmanRuntime/7.36.1"
::1 - - [18/Jan/2024:12:37:47 +0000] "POST /api/v1/auth/register HTTP/1.1" 403 27 "-" "PostmanRuntime/7.36.1"
::1 - - [18/Jan/2024:12:40:09 +0000] "POST /api/v1/auth/register HTTP/1.1" 422 22 "-" "PostmanRuntime/7.36.1"
::1 - - [18/Jan/2024:12:41:26 +0000] "POST /api/v1/auth/register HTTP/1.1" 422 56 "-" "PostmanRuntime/7.36.1"
::1 - - [18/Jan/2024:12:41:51 +0000] "POST /api/v1/auth/register HTTP/1.1" 422 71 "-" "PostmanRuntime/7.36.1"
::1 - - [18/Jan/2024:12:45:22 +0000] "POST /api/v1/auth/register HTTP/1.1" 422 70 "-" "PostmanRuntime/7.36.1"
::1 - - [18/Jan/2024:12:46:09 +0000] "POST /api/v1/auth/register HTTP/1.1" 422 78 "-" "PostmanRuntime/7.36.1"
::1 - - [18/Jan/2024:12:46:37 +0000] "POST /api/v1/auth/register HTTP/1.1" 400 50 "-" "PostmanRuntime/7.36.1"
::1 - - [18/Jan/2024:12:46:48 +0000] "POST /api/v1/auth/register HTTP/1.1" 403 27 "-" "PostmanRuntime/7.36.1"
::1 - - [18/Jan/2024:13:05:37 +0000] "POST /api/v1/auth/login HTTP/1.1" 401 46 "-" "PostmanRuntime/7.36.1"
::1 - - [19/Jan/2024:04:44:48 +0000] "GET /api/v1/test HTTP/1.1" 404 150 "-" "PostmanRuntime/7.36.1"
::1 - - [19/Jan/2024:04:45:18 +0000] "GET /api/v1/todo/test HTTP/1.1" 403 45 "-" "PostmanRuntime/7.36.1"
::1 - - [19/Jan/2024:04:46:36 +0000] "GET /api/v1/todo/test HTTP/1.1" 403 45 "-" "PostmanRuntime/7.36.1"
::1 - - [19/Jan/2024:04:46:49 +0000] "GET /api/v1/todo/test HTTP/1.1" 403 45 "-" "PostmanRuntime/7.36.1"
::1 - - [19/Jan/2024:04:48:33 +0000] "GET /api/v1/todo/test HTTP/1.1" 403 45 "-" "PostmanRuntime/7.36.1"
::1 - - [19/Jan/2024:04:48:56 +0000] "GET /api/v1/todo/test HTTP/1.1" 403 45 "-" "PostmanRuntime/7.36.1"
::1 - - [19/Jan/2024:04:49:56 +0000] "GET /api/v1/todo/test HTTP/1.1" 403 45 "-" "PostmanRuntime/7.36.1"
::1 - - [19/Jan/2024:04:51:28 +0000] "GET /api/v1/todo/test HTTP/1.1" 401 40 "-" "PostmanRuntime/7.36.1"
::1 - - [19/Jan/2024:05:34:29 +0000] "POST /api/v1/todo/create HTTP/1.1" 422 53 "-" "PostmanRuntime/7.36.1"
::1 - - [19/Jan/2024:05:34:59 +0000] "POST /api/v1/todo/create HTTP/1.1" 422 55 "-" "PostmanRuntime/7.36.1"
::1 - - [19/Jan/2024:05:35:27 +0000] "POST /api/v1/todo/create HTTP/1.1" 422 45 "-" "PostmanRuntime/7.36.1"
::1 - - [19/Jan/2024:05:35:42 +0000] "POST /api/v1/todo/create HTTP/1.1" 422 45 "-" "PostmanRuntime/7.36.1"
::1 - - [19/Jan/2024:05:35:50 +0000] "POST /api/v1/todo/create HTTP/1.1" 422 72 "-" "PostmanRuntime/7.36.1"
::1 - - [19/Jan/2024:05:36:07 +0000] "POST /api/v1/todo/create HTTP/1.1" 422 47 "-" "PostmanRuntime/7.36.1"
::1 - - [19/Jan/2024:05:36:30 +0000] "POST /api/v1/todo/create HTTP/1.1" 422 47 "-" "PostmanRuntime/7.36.1"
::1 - - [19/Jan/2024:05:37:08 +0000] "POST /api/v1/todo/create HTTP/1.1" 422 68 "-" "PostmanRuntime/7.36.1"
::1 - - [19/Jan/2024:05:37:19 +0000] "POST /api/v1/todo/create HTTP/1.1" 422 48 "-" "PostmanRuntime/7.36.1"
::1 - - [19/Jan/2024:05:37:32 +0000] "POST /api/v1/todo/create HTTP/1.1" 500 27 "-" "PostmanRuntime/7.36.1"
::1 - - [19/Jan/2024:05:38:28 +0000] "POST /api/v1/todo/create HTTP/1.1" 500 27 "-" "PostmanRuntime/7.36.1"
::1 - - [19/Jan/2024:05:42:25 +0000] "POST /api/v1/todo/create HTTP/1.1" 500 46 "-" "PostmanRuntime/7.36.1"
::1 - - [19/Jan/2024:05:44:24 +0000] "POST /api/v1/todo/create HTTP/1.1" 500 76 "-" "PostmanRuntime/7.36.1"
::1 - - [19/Jan/2024:06:03:55 +0000] "POST /api/v1/todo/create HTTP/1.1" 422 72 "-" "PostmanRuntime/7.36.1"
::1 - - [19/Jan/2024:06:18:17 +0000] "POST /api/v1/todo/create HTTP/1.1" 422 68 "-" "PostmanRuntime/7.36.1"
::1 - - [19/Jan/2024:06:33:33 +0000] "GET /api/v1/todo/view/65aa1290e457d426f6c7f37a HTTP/1.1" 404 41 "-" "PostmanRuntime/7.36.1"
::1 - - [19/Jan/2024:06:33:58 +0000] "GET /api/v1/todo/view/65aa1430e457d426f6c7f37b HTTP/1.1" 404 41 "-" "PostmanRuntime/7.36.1"
::1 - - [19/Jan/2024:06:34:28 +0000] "GET /api/v1/todo/view/65aa1430e457d426f6c7f37b HTTP/1.1" 404 41 "-" "PostmanRuntime/7.36.1"
::1 - - [19/Jan/2024:06:35:01 +0000] "GET /api/v1/todo/view/65aa1430e457d426f6c7f37b HTTP/1.1" 404 41 "-" "PostmanRuntime/7.36.1"
::1 - - [19/Jan/2024:06:37:20 +0000] "GET /api/v1/todo/view/65aa1430e457d426f6c7f37b HTTP/1.1" 500 27 "-" "PostmanRuntime/7.36.1"
::1 - - [19/Jan/2024:06:51:22 +0000] "GET /api/v1/todo/view/65aa1430e457d426f6c7f37 HTTP/1.1" 500 27 "-" "PostmanRuntime/7.36.1"
::1 - - [19/Jan/2024:06:59:13 +0000] "GET /api/v1/todo/view/65aa1430e457d426f6c7f37 HTTP/1.1" 500 14 "-" "PostmanRuntime/7.36.1"
::1 - - [19/Jan/2024:08:58:20 +0000] "PATCH /api/v1/todo/65aa1430e457d426f6c7f37b HTTP/1.1" 404 177 "-" "PostmanRuntime/7.36.1"
::1 - - [19/Jan/2024:09:01:39 +0000] "PATCH /api/v1/todo/update/65aa1430e457d426f6c7f37b HTTP/1.1" 422 72 "-" "PostmanRuntime/7.36.1"
::1 - - [19/Jan/2024:09:03:05 +0000] "POST /api/v1/todo/create HTTP/1.1" 422 72 "-" "PostmanRuntime/7.36.1"
::1 - - [19/Jan/2024:09:17:07 +0000] "POST /api/v1/todo/create HTTP/1.1" 422 75 "-" "PostmanRuntime/7.36.1"
::1 - - [19/Jan/2024:09:29:13 +0000] "PATCH /api/v1/todo/update/65aa1430e457d426f6c7f37b HTTP/1.1" 404 41 "-" "PostmanRuntime/7.36.1"
::1 - - [19/Jan/2024:10:31:48 +0000] "GET /api/v1/todo/search?tags=entertainment&title=watch&priority HTTP/1.1" 500 290 "-" "PostmanRuntime/7.36.1"
::1 - - [19/Jan/2024:10:32:03 +0000] "GET /api/v1/todo/search?tags=entertainment&title=watch HTTP/1.1" 500 290 "-" "PostmanRuntime/7.36.1"
::1 - - [19/Jan/2024:11:16:45 +0000] "POST /api/v1/auth/register HTTP/1.1" 422 47 "-" "PostmanRuntime/7.36.1"
::1 - - [19/Jan/2024:11:22:38 +0000] "POST /api/v1/auth/register HTTP/1.1" 409 59 "-" "PostmanRuntime/7.36.1"
::1 - - [19/Jan/2024:11:22:44 +0000] "POST /api/v1/auth/register HTTP/1.1" 422 47 "-" "PostmanRuntime/7.36.1"
::1 - - [19/Jan/2024:11:22:51 +0000] "POST /api/v1/auth/register HTTP/1.1" 422 47 "-" "PostmanRuntime/7.36.1"
::1 - - [19/Jan/2024:11:31:02 +0000] "POST /api/v1/todo/create HTTP/1.1" 422 50 "-" "PostmanRuntime/7.36.1"
::1 - - [19/Jan/2024:11:31:09 +0000] "POST /api/v1/todo/create HTTP/1.1" 422 50 "-" "PostmanRuntime/7.36.1"
::1 - - [19/Jan/2024:11:31:27 +0000] "POST /api/v1/todo/create HTTP/1.1" 422 50 "-" "PostmanRuntime/7.36.1"
::1 - - [19/Jan/2024:11:31:41 +0000] "POST /api/v1/todo/create HTTP/1.1" 422 50 "-" "PostmanRuntime/7.36.1"
::1 - - [19/Jan/2024:11:34:18 +0000] "POST /api/v1/todo/create HTTP/1.1" 422 40 "-" "PostmanRuntime/7.36.1"
::1 - - [19/Jan/2024:11:37:00 +0000] "POST /api/v1/todo/create HTTP/1.1" 422 40 "-" "PostmanRuntime/7.36.1"
::1 - - [19/Jan/2024:11:40:53 +0000] "POST /api/v1/todo/create HTTP/1.1" 422 40 "-" "PostmanRuntime/7.36.1"
::1 - - [19/Jan/2024:11:41:08 +0000] "POST /api/v1/todo/create HTTP/1.1" 422 80 "-" "PostmanRuntime/7.36.1"
::1 - - [19/Jan/2024:11:41:33 +0000] "POST /api/v1/todo/create HTTP/1.1" 422 80 "-" "PostmanRuntime/7.36.1"
::1 - - [19/Jan/2024:11:41:42 +0000] "POST /api/v1/todo/create HTTP/1.1" 422 40 "-" "PostmanRuntime/7.36.1"
::1 - - [19/Jan/2024:11:48:53 +0000] "POST /api/v1/auth/register HTTP/1.1" 422 70 "-" "PostmanRuntime/7.36.1"
::1 - - [19/Jan/2024:12:03:15 +0000] "POST /api/v1/todo/create HTTP/1.1" 422 62 "-" "PostmanRuntime/7.36.1"
::1 - - [19/Jan/2024:12:08:41 +0000] "POST /api/v1/todo/create HTTP/1.1" 422 62 "-" "PostmanRuntime/7.36.1"
::1 - - [19/Jan/2024:12:18:15 +0000] "POST /api/v1/todo/create HTTP/1.1" 422 40 "-" "PostmanRuntime/7.36.1"
::1 - - [19/Jan/2024:12:19:35 +0000] "POST /api/v1/todo/create HTTP/1.1" 422 79 "-" "PostmanRuntime/7.36.1"
::1 - - [19/Jan/2024:12:29:32 +0000] "DELETE /api/v1/todo/65aa6b2186a4f7ea21268355 HTTP/1.1" 404 178 "-" "PostmanRuntime/7.36.1"
::1 - - [19/Jan/2024:18:04:56 +0000] "POST /api/v1/auth/forget-password HTTP/1.1" 422 40 "-" "PostmanRuntime/7.36.1"
::1 - - [19/Jan/2024:18:05:21 +0000] "POST /api/v1/auth/forget-password HTTP/1.1" 422 44 "-" "PostmanRuntime/7.36.1"
::1 - - [19/Jan/2024:18:07:30 +0000] "POST /api/v1/auth/login HTTP/1.1" 401 46 "-" "PostmanRuntime/7.36.1"
::1 - - [19/Jan/2024:18:12:06 +0000] "POST /api/v1/auth/forget-password?token=eyJhbGciOiJIUzI1NiIsInR5cCI6IkpXVCJ9.eyJpZCI6IjY1YTkxZThiMDYwOWJlZDlkZDFjOTcwOCIsImVtYWlsIjoic3BfdGVzdEBzb2NpYWxwaWxvdC5jbyIsImlhdCI6MTcwNTY4Nzc3OCwiZXhwIjoxNzA1Njg5NTc4fQ.YeWpViJ6OrCQXxtU_HbQk57IQrR7WYbSoaAhz-mIWiw HTTP/1.1" 422 44 "-" "PostmanRuntime/7.36.1"
::1 - - [19/Jan/2024:18:13:03 +0000] "POST /api/v1/auth/reset-password?token=eyJhbGciOiJIUzI1NiIsInR5cCI6IkpXVCJ9.eyJpZCI6IjY1YTkxZThiMDYwOWJlZDlkZDFjOTcwOCIsImVtYWlsIjoic3BfdGVzdEBzb2NpYWxwaWxvdC5jbyIsImlhdCI6MTcwNTY4Nzc3OCwiZXhwIjoxNzA1Njg5NTc4fQ.YeWpViJ6OrCQXxtU_HbQk57IQrR7WYbSoaAhz-mIWiw HTTP/1.1" 422 47 "-" "PostmanRuntime/7.36.1"
::1 - - [19/Jan/2024:18:13:11 +0000] "POST /api/v1/auth/reset-password?token=eyJhbGciOiJIUzI1NiIsInR5cCI6IkpXVCJ9.eyJpZCI6IjY1YTkxZThiMDYwOWJlZDlkZDFjOTcwOCIsImVtYWlsIjoic3BfdGVzdEBzb2NpYWxwaWxvdC5jbyIsImlhdCI6MTcwNTY4Nzc3OCwiZXhwIjoxNzA1Njg5NTc4fQ.YeWpViJ6OrCQXxtU_HbQk57IQrR7WYbSoaAhz-mIWiw HTTP/1.1" 404 48 "-" "PostmanRuntime/7.36.1"
::1 - - [19/Jan/2024:18:15:04 +0000] "POST /api/v1/auth/reset-password?token=eyJhbGciOiJIUzI1NiIsInR5cCI6IkpXVCJ9.eyJpZCI6IjY1YTkxZThiMDYwOWJlZDlkZDFjOTcwOCIsImVtYWlsIjoic3BfdGVzdEBzb2NpYWxwaWxvdC5jbyIsImlhdCI6MTcwNTY4Nzc3OCwiZXhwIjoxNzA1Njg5NTc4fQ.YeWpViJ6OrCQXxtU_HbQk57IQrR7WYbSoaAhz-mIWiw HTTP/1.1" 403 27 "-" "PostmanRuntime/7.36.1"
::1 - - [19/Jan/2024:18:16:19 +0000] "POST /api/v1/auth/login HTTP/1.1" 401 46 "-" "PostmanRuntime/7.36.1"
::1 - - [21/Jan/2024:06:54:32 +0000] "GET /api/v1/todo/search?tags=important HTTP/1.1" 401 40 "-" "PostmanRuntime/7.36.1"
::1 - - [21/Jan/2024:06:54:56 +0000] "POST /api/v1/auth/login HTTP/1.1" 401 46 "-" "PostmanRuntime/7.36.1"
::1 - - [21/Jan/2024:07:01:17 +0000] "GET /api/v1/todo/search?tags=important&sort=0 HTTP/1.1" 500 27 "-" "PostmanRuntime/7.36.1"
::1 - - [21/Jan/2024:07:53:56 +0000] "GET /api/v1/todo/list HTTP/1.1" 500 299 "-" "PostmanRuntime/7.36.1"
::1 - - [21/Jan/2024:07:57:07 +0000] "GET /api/v1/todo/list HTTP/1.1" 500 299 "-" "PostmanRuntime/7.36.1"
::1 - - [21/Jan/2024:07:58:35 +0000] "GET /api/v1/todo/list HTTP/1.1" 500 299 "-" "PostmanRuntime/7.36.1"
::1 - - [21/Jan/2024:08:01:25 +0000] "GET /api/v1/todo/list HTTP/1.1" 500 299 "-" "PostmanRuntime/7.36.1"
::1 - - [21/Jan/2024:08:02:08 +0000] "GET /api/v1/todo/list HTTP/1.1" 500 299 "-" "PostmanRuntime/7.36.1"
::1 - - [21/Jan/2024:08:45:34 +0000] "GET /api/v1/todo/view/65aa63ae1f9afd3ccb6881ab HTTP/1.1" 500 27 "-" "PostmanRuntime/7.36.1"
::1 - - [21/Jan/2024:08:46:01 +0000] "GET /api/v1/todo/view/65aa63ae1f9afd3ccb6881ab HTTP/1.1" 500 27 "-" "PostmanRuntime/7.36.1"
::1 - - [21/Jan/2024:08:46:38 +0000] "GET /api/v1/todo/view/65aa63ae1f9afd3ccb6881a HTTP/1.1" 500 27 "-" "PostmanRuntime/7.36.1"
::1 - - [21/Jan/2024:09:29:33 +0000] "GET /api/v1/todo/view/65aa63ae1f9afd3ccb6881a HTTP/1.1" 500 27 "-" "PostmanRuntime/7.36.1"
::1 - - [22/Jan/2024:04:20:20 +0000] "POST /api/v1/auth/register HTTP/1.1" 409 59 "-" "PostmanRuntime/7.36.1"
::1 - - [22/Jan/2024:04:21:26 +0000] "GET /api/v1/todo/view/65ace46a593093d21df1fd1e HTTP/1.1" 404 41 "-" "PostmanRuntime/7.36.1"
::1 - - [22/Jan/2024:05:26:38 +0000] "POST /api/v1/auth/register HTTP/1.1" 422 47 "-" "PostmanRuntime/7.36.1"
::1 - - [22/Jan/2024:05:27:12 +0000] "POST /api/v1/auth/login HTTP/1.1" 401 46 "-" "PostmanRuntime/7.36.1"
::1 - - [22/Jan/2024:05:27:16 +0000] "POST /api/v1/auth/login HTTP/1.1" 401 46 "-" "PostmanRuntime/7.36.1"
::1 - - [22/Jan/2024:05:27:36 +0000] "POST /api/v1/auth/forget-password HTTP/1.1" 404 61 "-" "PostmanRuntime/7.36.1"
::1 - - [22/Jan/2024:05:28:35 +0000] "POST /api/v1/auth/login HTTP/1.1" 401 46 "-" "PostmanRuntime/7.36.1"
::1 - - [22/Jan/2024:05:29:12 +0000] "POST /api/v1/auth/reset-password?token=eyJhbGciOiJIUzI1NiIsInR5cCI6IkpXVCJ9.eyJpZCI6IjY1YWRmYzk2YTM4ZWMxMjUyNjcxMTkzOSIsImVtYWlsIjoiYWxleEBzb2NpYWxwaWxvdC5jbyIsImlhdCI6MTcwNTkwMTI2NCwiZXhwIjoxNzA1OTAzMDY0fQ.7SVb0KVuT3Jofgdu2hFpz4MQWs4VijLLRicIHhhS110 HTTP/1.1" 422 70 "-" "PostmanRuntime/7.36.1"
::1 - - [22/Jan/2024:08:04:33 +0000] "POST /api/v1/auth/register HTTP/1.1" 409 59 "-" "PostmanRuntime/7.36.1"
::1 - - [22/Jan/2024:10:30:19 +0000] "POST /api/v1/todo/create HTTP/1.1" 422 14 "-" "PostmanRuntime/7.36.1"
::1 - - [22/Jan/2024:11:15:20 +0000] "POST /api/v1/auth/login HTTP/1.1" 422 142 "-" "PostmanRuntime/7.36.1"
::1 - - [22/Jan/2024:11:15:54 +0000] "POST /api/v1/auth/login HTTP/1.1" 422 219 "-" "PostmanRuntime/7.36.1"
::1 - - [22/Jan/2024:11:16:08 +0000] "POST /api/v1/auth/login HTTP/1.1" 422 339 "-" "PostmanRuntime/7.36.1"
::1 - - [22/Jan/2024:12:13:25 +0000] "POST /api/v1/todo/create HTTP/1.1" 422 122 "-" "PostmanRuntime/7.36.1"
::1 - - [22/Jan/2024:12:13:37 +0000] "POST /api/v1/todo/create HTTP/1.1" 422 308 "-" "PostmanRuntime/7.36.1"
::1 - - [22/Jan/2024:12:19:28 +0000] "POST /api/v1/todo/create HTTP/1.1" 422 297 "-" "PostmanRuntime/7.36.1"
